{
  "stats": {
    "suites": 1,
    "tests": 1,
    "passes": 0,
    "pending": 3,
    "failures": -2,
    "start": "2026-06-10T00:16:56.906Z",
    "end": "2026-06-10T00:16:56.960Z",
    "duration": 54,
    "testsRegistered": 3,
    "passPercent": null,
    "pendingPercent": 100,
    "other": 2,
    "hasOther": true,
    "skipped": 0,
    "hasSkipped": false
  },
  "results": [
    {
      "uuid": "3323dc0d-b9f7-4c79-8ce3-f288cd2de923",
      "title": "",
      "fullFile": "cypress\\e2e\\todo-create-income-entry.feature",
      "file": "cypress\\e2e\\todo-create-income-entry.feature",
      "beforeHooks": [],
      "afterHooks": [],
      "tests": [],
      "suites": [
        {
          "uuid": "a463fc94-dbf7-469b-aaec-e653038ded40",
          "title": "Criação de entrada financeira no Firestore",
          "fullFile": "",
          "file": "",
          "beforeHooks": [],
          "afterHooks": [],
          "tests": [
            {
              "title": "Salva uma entrada e atualiza o card de entradas",
              "fullTitle": "Criação de entrada financeira no Firestore Salva uma entrada e atualiza o card de entradas",
              "timedOut": null,
              "duration": 0,
              "state": "pending",
              "speed": null,
              "pass": false,
              "fail": false,
              "pending": true,
              "context": null,
              "code": "",
              "err": {},
              "uuid": "b2b39fc2-051c-4ec6-9488-468b519982c9",
              "parentUUID": "a463fc94-dbf7-469b-aaec-e653038ded40",
              "isHook": false,
              "skipped": false
            },
            {
              "title": "Exibe confirmacao e reseta o formulario apos salvar",
              "fullTitle": "Criação de entrada financeira no Firestore Exibe confirmacao e reseta o formulario apos salvar",
              "timedOut": null,
              "duration": 0,
              "state": "pending",
              "speed": null,
              "pass": false,
              "fail": false,
              "pending": true,
              "context": null,
              "code": "",
              "err": {},
              "uuid": "2db65974-2f47-4f5c-b717-07e0931f7fbe",
              "parentUUID": "a463fc94-dbf7-469b-aaec-e653038ded40",
              "isHook": false,
              "skipped": false
            },
            {
              "title": "Entradas persistidas aparecem apos recarregar a pagina",
              "fullTitle": "Criação de entrada financeira no Firestore Entradas persistidas aparecem apos recarregar a pagina",
              "timedOut": null,
              "duration": 0,
              "state": "pending",
              "speed": null,
              "pass": false,
              "fail": false,
              "pending": true,
              "context": null,
              "code": "",
              "err": {},
              "uuid": "eafb260e-6f41-42fe-8073-24c6868bdddb",
              "parentUUID": "a463fc94-dbf7-469b-aaec-e653038ded40",
              "isHook": false,
              "skipped": false
            }
          ],
          "suites": [],
          "passes": [],
          "failures": [],
          "pending": [
            "b2b39fc2-051c-4ec6-9488-468b519982c9",
            "2db65974-2f47-4f5c-b717-07e0931f7fbe",
            "eafb260e-6f41-42fe-8073-24c6868bdddb"
          ],
          "skipped": [],
          "duration": 0,
          "root": false,
          "rootEmpty": false,
          "_timeout": 2000
        }
      ],
      "passes": [],
      "failures": [],
      "pending": [],
      "skipped": [],
      "duration": 0,
      "root": true,
      "rootEmpty": true,
      "_timeout": 2000
    }
  ],
  "meta": {
    "mocha": {
      "version": "7.2.0"
    },
    "mochawesome": {
      "options": {
        "quiet": false,
        "reportFilename": "mochawesome",
        "saveHtml": true,
        "saveJson": true,
        "consoleReporter": "spec",
        "useInlineDiffs": false,
        "code": true
      },
      "version": "7.1.4"
    },
    "marge": {
      "options": {
        "reportDir": "mochawesome-report",
        "overwrite": true,
        "html": true,
        "json": true,
        "timestamp": "isoDateTime"
      },
      "version": "6.3.2"
    }
  }
}